<?xml version="1.0" encoding="UTF-8"?>
<testsuite xmlns:xsi="http://www.w3.org/2001/XMLSchema-instance" xsi:noNamespaceSchemaLocation="https://maven.apache.org/surefire/maven-surefire-plugin/xsd/surefire-test-report-3.0.xsd" version="3.0" name="runner.CucumberTestRunner" time="229.695" tests="4" errors="0" skipped="0" failures="0">
  <properties>
    <property name="java.specification.version" value="17"/>
    <property name="sun.cpu.isalist" value="amd64"/>
    <property name="sun.jnu.encoding" value="Cp1252"/>
    <property name="java.class.path" value="C:\Users\Om\eclipse-workspace\Retirement_Calculator\target\test-classes;C:\Users\Om\eclipse-workspace\Retirement_Calculator\target\classes;C:\Users\Om\.m2\repository\io\cucumber\cucumber-java\5.5.0\cucumber-java-5.5.0.jar;C:\Users\Om\.m2\repository\io\cucumber\cucumber-core\5.5.0\cucumber-core-5.5.0.jar;C:\Users\Om\.m2\repository\io\cucumber\cucumber-gherkin\5.5.0\cucumber-gherkin-5.5.0.jar;C:\Users\Om\.m2\repository\io\cucumber\cucumber-gherkin-vintage\5.5.0\cucumber-gherkin-vintage-5.5.0.jar;C:\Users\Om\.m2\repository\io\cucumber\tag-expressions\2.0.4\tag-expressions-2.0.4.jar;C:\Users\Om\.m2\repository\io\cucumber\cucumber-expressions\8.3.1\cucumber-expressions-8.3.1.jar;C:\Users\Om\.m2\repository\io\cucumber\datatable\3.3.0\datatable-3.3.0.jar;C:\Users\Om\.m2\repository\io\cucumber\cucumber-plugin\5.5.0\cucumber-plugin-5.5.0.jar;C:\Users\Om\.m2\repository\io\cucumber\docstring\5.5.0\docstring-5.5.0.jar;C:\Users\Om\.m2\repository\org\apiguardian\apiguardian-api\1.1.0\apiguardian-api-1.1.0.jar;C:\Users\Om\.m2\repository\io\cucumber\cucumber-junit\5.5.0\cucumber-junit-5.5.0.jar;C:\Users\Om\.m2\repository\junit\junit\4.13\junit-4.13.jar;C:\Users\Om\.m2\repository\org\hamcrest\hamcrest-core\1.3\hamcrest-core-1.3.jar;C:\Users\Om\.m2\repository\org\seleniumhq\selenium\selenium-java\4.0.0\selenium-java-4.0.0.jar;C:\Users\Om\.m2\repository\org\seleniumhq\selenium\selenium-api\4.0.0\selenium-api-4.0.0.jar;C:\Users\Om\.m2\repository\org\seleniumhq\selenium\selenium-chrome-driver\4.0.0\selenium-chrome-driver-4.0.0.jar;C:\Users\Om\.m2\repository\com\google\auto\service\auto-service-annotations\1.0\auto-service-annotations-1.0.jar;C:\Users\Om\.m2\repository\com\google\auto\service\auto-service\1.0\auto-service-1.0.jar;C:\Users\Om\.m2\repository\com\google\auto\auto-common\1.0\auto-common-1.0.jar;C:\Users\Om\.m2\repository\com\google\guava\guava\31.0.1-jre\guava-31.0.1-jre.jar;C:\Users\Om\.m2\repository\com\google\guava\failureaccess\1.0.1\failureaccess-1.0.1.jar;C:\Users\Om\.m2\repository\com\google\guava\listenablefuture\9999.0-empty-to-avoid-conflict-with-guava\listenablefuture-9999.0-empty-to-avoid-conflict-with-guava.jar;C:\Users\Om\.m2\repository\com\google\code\findbugs\jsr305\3.0.2\jsr305-3.0.2.jar;C:\Users\Om\.m2\repository\org\checkerframework\checker-qual\3.12.0\checker-qual-3.12.0.jar;C:\Users\Om\.m2\repository\com\google\errorprone\error_prone_annotations\2.7.1\error_prone_annotations-2.7.1.jar;C:\Users\Om\.m2\repository\com\google\j2objc\j2objc-annotations\1.3\j2objc-annotations-1.3.jar;C:\Users\Om\.m2\repository\org\seleniumhq\selenium\selenium-chromium-driver\4.0.0\selenium-chromium-driver-4.0.0.jar;C:\Users\Om\.m2\repository\org\seleniumhq\selenium\selenium-json\4.0.0\selenium-json-4.0.0.jar;C:\Users\Om\.m2\repository\org\seleniumhq\selenium\selenium-devtools-v85\4.0.0\selenium-devtools-v85-4.0.0.jar;C:\Users\Om\.m2\repository\org\seleniumhq\selenium\selenium-devtools-v93\4.0.0\selenium-devtools-v93-4.0.0.jar;C:\Users\Om\.m2\repository\org\seleniumhq\selenium\selenium-devtools-v94\4.0.0\selenium-devtools-v94-4.0.0.jar;C:\Users\Om\.m2\repository\org\seleniumhq\selenium\selenium-devtools-v95\4.0.0\selenium-devtools-v95-4.0.0.jar;C:\Users\Om\.m2\repository\org\seleniumhq\selenium\selenium-edge-driver\4.0.0\selenium-edge-driver-4.0.0.jar;C:\Users\Om\.m2\repository\org\seleniumhq\selenium\selenium-firefox-driver\4.0.0\selenium-firefox-driver-4.0.0.jar;C:\Users\Om\.m2\repository\org\seleniumhq\selenium\selenium-firefox-xpi-driver\4.0.0\selenium-firefox-xpi-driver-4.0.0.jar;C:\Users\Om\.m2\repository\org\seleniumhq\selenium\selenium-ie-driver\4.0.0\selenium-ie-driver-4.0.0.jar;C:\Users\Om\.m2\repository\org\seleniumhq\selenium\selenium-opera-driver\4.0.0\selenium-opera-driver-4.0.0.jar;C:\Users\Om\.m2\repository\org\seleniumhq\selenium\selenium-remote-driver\4.0.0\selenium-remote-driver-4.0.0.jar;C:\Users\Om\.m2\repository\com\beust\jcommander\1.81\jcommander-1.81.jar;C:\Users\Om\.m2\repository\io\netty\netty-buffer\4.1.68.Final\netty-buffer-4.1.68.Final.jar;C:\Users\Om\.m2\repository\io\netty\netty-codec-http\4.1.67.Final\netty-codec-http-4.1.67.Final.jar;C:\Users\Om\.m2\repository\io\netty\netty-codec\4.1.67.Final\netty-codec-4.1.67.Final.jar;C:\Users\Om\.m2\repository\io\netty\netty-handler\4.1.67.Final\netty-handler-4.1.67.Final.jar;C:\Users\Om\.m2\repository\io\netty\netty-common\4.1.68.Final\netty-common-4.1.68.Final.jar;C:\Users\Om\.m2\repository\io\netty\netty-transport-native-epoll\4.1.67.Final\netty-transport-native-epoll-4.1.67.Final.jar;C:\Users\Om\.m2\repository\io\netty\netty-transport-native-kqueue\4.1.67.Final\netty-transport-native-kqueue-4.1.67.Final.jar;C:\Users\Om\.m2\repository\io\netty\netty-transport-native-unix-common\4.1.67.Final\netty-transport-native-unix-common-4.1.67.Final.jar;C:\Users\Om\.m2\repository\io\netty\netty-transport\4.1.68.Final\netty-transport-4.1.68.Final.jar;C:\Users\Om\.m2\repository\io\netty\netty-resolver\4.1.68.Final\netty-resolver-4.1.68.Final.jar;C:\Users\Om\.m2\repository\io\opentelemetry\opentelemetry-api\1.6.0\opentelemetry-api-1.6.0.jar;C:\Users\Om\.m2\repository\io\opentelemetry\opentelemetry-context\1.6.0\opentelemetry-context-1.6.0.jar;C:\Users\Om\.m2\repository\io\opentelemetry\opentelemetry-exporter-logging\1.6.0\opentelemetry-exporter-logging-1.6.0.jar;C:\Users\Om\.m2\repository\io\opentelemetry\opentelemetry-sdk-metrics\1.6.0-alpha\opentelemetry-sdk-metrics-1.6.0-alpha.jar;C:\Users\Om\.m2\repository\io\opentelemetry\opentelemetry-sdk-common\1.6.0\opentelemetry-sdk-common-1.6.0.jar;C:\Users\Om\.m2\repository\io\opentelemetry\opentelemetry-sdk-extension-autoconfigure-spi\1.6.0\opentelemetry-sdk-extension-autoconfigure-spi-1.6.0.jar;C:\Users\Om\.m2\repository\io\opentelemetry\opentelemetry-sdk-extension-autoconfigure\1.6.0-alpha\opentelemetry-sdk-extension-autoconfigure-1.6.0-alpha.jar;C:\Users\Om\.m2\repository\io\opentelemetry\opentelemetry-sdk-trace\1.6.0\opentelemetry-sdk-trace-1.6.0.jar;C:\Users\Om\.m2\repository\io\opentelemetry\opentelemetry-api-metrics\1.6.0-alpha\opentelemetry-api-metrics-1.6.0-alpha.jar;C:\Users\Om\.m2\repository\io\opentelemetry\opentelemetry-sdk\1.6.0\opentelemetry-sdk-1.6.0.jar;C:\Users\Om\.m2\repository\io\opentelemetry\opentelemetry-semconv\1.6.0-alpha\opentelemetry-semconv-1.6.0-alpha.jar;C:\Users\Om\.m2\repository\io\ous\jtoml\2.0.0\jtoml-2.0.0.jar;C:\Users\Om\.m2\repository\net\bytebuddy\byte-buddy\1.11.19\byte-buddy-1.11.19.jar;C:\Users\Om\.m2\repository\org\apache\commons\commons-exec\1.3\commons-exec-1.3.jar;C:\Users\Om\.m2\repository\org\asynchttpclient\async-http-client\2.12.3\async-http-client-2.12.3.jar;C:\Users\Om\.m2\repository\org\asynchttpclient\async-http-client-netty-utils\2.12.3\async-http-client-netty-utils-2.12.3.jar;C:\Users\Om\.m2\repository\io\netty\netty-codec-socks\4.1.60.Final\netty-codec-socks-4.1.60.Final.jar;C:\Users\Om\.m2\repository\io\netty\netty-handler-proxy\4.1.60.Final\netty-handler-proxy-4.1.60.Final.jar;C:\Users\Om\.m2\repository\io\netty\netty-transport-native-epoll\4.1.60.Final\netty-transport-native-epoll-4.1.60.Final-linux-x86_64.jar;C:\Users\Om\.m2\repository\io\netty\netty-transport-native-kqueue\4.1.60.Final\netty-transport-native-kqueue-4.1.60.Final-osx-x86_64.jar;C:\Users\Om\.m2\repository\org\reactivestreams\reactive-streams\1.0.3\reactive-streams-1.0.3.jar;C:\Users\Om\.m2\repository\com\typesafe\netty\netty-reactive-streams\2.0.4\netty-reactive-streams-2.0.4.jar;C:\Users\Om\.m2\repository\com\sun\activation\jakarta.activation\1.2.2\jakarta.activation-1.2.2.jar;C:\Users\Om\.m2\repository\org\seleniumhq\selenium\selenium-http\4.0.0\selenium-http-4.0.0.jar;C:\Users\Om\.m2\repository\org\seleniumhq\selenium\selenium-safari-driver\4.0.0\selenium-safari-driver-4.0.0.jar;C:\Users\Om\.m2\repository\org\seleniumhq\selenium\selenium-support\4.0.0\selenium-support-4.0.0.jar;C:\Users\Om\.m2\repository\io\github\bonigarcia\webdrivermanager\4.4.3\webdrivermanager-4.4.3.jar;C:\Users\Om\.m2\repository\org\slf4j\slf4j-api\1.7.30\slf4j-api-1.7.30.jar;C:\Users\Om\.m2\repository\commons-io\commons-io\2.8.0\commons-io-2.8.0.jar;C:\Users\Om\.m2\repository\com\google\code\gson\gson\2.8.6\gson-2.8.6.jar;C:\Users\Om\.m2\repository\org\apache\commons\commons-lang3\3.12.0\commons-lang3-3.12.0.jar;C:\Users\Om\.m2\repository\org\apache\httpcomponents\client5\httpclient5\5.0.3\httpclient5-5.0.3.jar;C:\Users\Om\.m2\repository\org\apache\httpcomponents\core5\httpcore5\5.0.2\httpcore5-5.0.2.jar;C:\Users\Om\.m2\repository\org\apache\httpcomponents\core5\httpcore5-h2\5.0.2\httpcore5-h2-5.0.2.jar;C:\Users\Om\.m2\repository\org\rauschig\jarchivelib\1.1.0\jarchivelib-1.1.0.jar;C:\Users\Om\.m2\repository\org\jsoup\jsoup\1.13.1\jsoup-1.13.1.jar;C:\Users\Om\.m2\repository\org\apache\poi\poi-ooxml\5.2.3\poi-ooxml-5.2.3.jar;C:\Users\Om\.m2\repository\org\apache\poi\poi-ooxml-lite\5.2.3\poi-ooxml-lite-5.2.3.jar;C:\Users\Om\.m2\repository\org\apache\xmlbeans\xmlbeans\5.1.1\xmlbeans-5.1.1.jar;C:\Users\Om\.m2\repository\org\apache\commons\commons-compress\1.21\commons-compress-1.21.jar;C:\Users\Om\.m2\repository\com\github\virtuald\curvesapi\1.07\curvesapi-1.07.jar;C:\Users\Om\.m2\repository\org\apache\logging\log4j\log4j-api\2.18.0\log4j-api-2.18.0.jar;C:\Users\Om\.m2\repository\org\apache\commons\commons-collections4\4.4\commons-collections4-4.4.jar;C:\Users\Om\.m2\repository\org\apache\poi\poi\5.2.3\poi-5.2.3.jar;C:\Users\Om\.m2\repository\commons-codec\commons-codec\1.15\commons-codec-1.15.jar;C:\Users\Om\.m2\repository\org\apache\commons\commons-math3\3.6.1\commons-math3-3.6.1.jar;C:\Users\Om\.m2\repository\com\zaxxer\SparseBitSet\1.2\SparseBitSet-1.2.jar;"/>
    <property name="java.vm.vendor" value="Eclipse Adoptium"/>
    <property name="sun.arch.data.model" value="64"/>
    <property name="user.variant" value=""/>
    <property name="java.vendor.url" value="https://adoptium.net/"/>
    <property name="user.timezone" value="Asia/Calcutta"/>
    <property name="os.name" value="Windows 7"/>
    <property name="java.vm.specification.version" value="17"/>
    <property name="sun.java.launcher" value="SUN_STANDARD"/>
    <property name="user.country" value="US"/>
    <property name="sun.boot.library.path" value="C:\Users\Om\.p2\pool\plugins\org.eclipse.justj.openjdk.hotspot.jre.full.win32.x86_64_17.0.1.v20211116-1657\jre\bin"/>
    <property name="sun.java.command" value="C:\Users\Om\AppData\Local\Temp\surefire11669679226560403235\surefirebooter8085119235828785771.jar C:\Users\Om\AppData\Local\Temp\surefire11669679226560403235 2023-01-13T09-33-44_631-jvmRun1 surefire17823558743557601247tmp surefire_0741872272272005409tmp"/>
    <property name="jdk.debug" value="release"/>
    <property name="surefire.test.class.path" value="C:\Users\Om\eclipse-workspace\Retirement_Calculator\target\test-classes;C:\Users\Om\eclipse-workspace\Retirement_Calculator\target\classes;C:\Users\Om\.m2\repository\io\cucumber\cucumber-java\5.5.0\cucumber-java-5.5.0.jar;C:\Users\Om\.m2\repository\io\cucumber\cucumber-core\5.5.0\cucumber-core-5.5.0.jar;C:\Users\Om\.m2\repository\io\cucumber\cucumber-gherkin\5.5.0\cucumber-gherkin-5.5.0.jar;C:\Users\Om\.m2\repository\io\cucumber\cucumber-gherkin-vintage\5.5.0\cucumber-gherkin-vintage-5.5.0.jar;C:\Users\Om\.m2\repository\io\cucumber\tag-expressions\2.0.4\tag-expressions-2.0.4.jar;C:\Users\Om\.m2\repository\io\cucumber\cucumber-expressions\8.3.1\cucumber-expressions-8.3.1.jar;C:\Users\Om\.m2\repository\io\cucumber\datatable\3.3.0\datatable-3.3.0.jar;C:\Users\Om\.m2\repository\io\cucumber\cucumber-plugin\5.5.0\cucumber-plugin-5.5.0.jar;C:\Users\Om\.m2\repository\io\cucumber\docstring\5.5.0\docstring-5.5.0.jar;C:\Users\Om\.m2\repository\org\apiguardian\apiguardian-api\1.1.0\apiguardian-api-1.1.0.jar;C:\Users\Om\.m2\repository\io\cucumber\cucumber-junit\5.5.0\cucumber-junit-5.5.0.jar;C:\Users\Om\.m2\repository\junit\junit\4.13\junit-4.13.jar;C:\Users\Om\.m2\repository\org\hamcrest\hamcrest-core\1.3\hamcrest-core-1.3.jar;C:\Users\Om\.m2\repository\org\seleniumhq\selenium\selenium-java\4.0.0\selenium-java-4.0.0.jar;C:\Users\Om\.m2\repository\org\seleniumhq\selenium\selenium-api\4.0.0\selenium-api-4.0.0.jar;C:\Users\Om\.m2\repository\org\seleniumhq\selenium\selenium-chrome-driver\4.0.0\selenium-chrome-driver-4.0.0.jar;C:\Users\Om\.m2\repository\com\google\auto\service\auto-service-annotations\1.0\auto-service-annotations-1.0.jar;C:\Users\Om\.m2\repository\com\google\auto\service\auto-service\1.0\auto-service-1.0.jar;C:\Users\Om\.m2\repository\com\google\auto\auto-common\1.0\auto-common-1.0.jar;C:\Users\Om\.m2\repository\com\google\guava\guava\31.0.1-jre\guava-31.0.1-jre.jar;C:\Users\Om\.m2\repository\com\google\guava\failureaccess\1.0.1\failureaccess-1.0.1.jar;C:\Users\Om\.m2\repository\com\google\guava\listenablefuture\9999.0-empty-to-avoid-conflict-with-guava\listenablefuture-9999.0-empty-to-avoid-conflict-with-guava.jar;C:\Users\Om\.m2\repository\com\google\code\findbugs\jsr305\3.0.2\jsr305-3.0.2.jar;C:\Users\Om\.m2\repository\org\checkerframework\checker-qual\3.12.0\checker-qual-3.12.0.jar;C:\Users\Om\.m2\repository\com\google\errorprone\error_prone_annotations\2.7.1\error_prone_annotations-2.7.1.jar;C:\Users\Om\.m2\repository\com\google\j2objc\j2objc-annotations\1.3\j2objc-annotations-1.3.jar;C:\Users\Om\.m2\repository\org\seleniumhq\selenium\selenium-chromium-driver\4.0.0\selenium-chromium-driver-4.0.0.jar;C:\Users\Om\.m2\repository\org\seleniumhq\selenium\selenium-json\4.0.0\selenium-json-4.0.0.jar;C:\Users\Om\.m2\repository\org\seleniumhq\selenium\selenium-devtools-v85\4.0.0\selenium-devtools-v85-4.0.0.jar;C:\Users\Om\.m2\repository\org\seleniumhq\selenium\selenium-devtools-v93\4.0.0\selenium-devtools-v93-4.0.0.jar;C:\Users\Om\.m2\repository\org\seleniumhq\selenium\selenium-devtools-v94\4.0.0\selenium-devtools-v94-4.0.0.jar;C:\Users\Om\.m2\repository\org\seleniumhq\selenium\selenium-devtools-v95\4.0.0\selenium-devtools-v95-4.0.0.jar;C:\Users\Om\.m2\repository\org\seleniumhq\selenium\selenium-edge-driver\4.0.0\selenium-edge-driver-4.0.0.jar;C:\Users\Om\.m2\repository\org\seleniumhq\selenium\selenium-firefox-driver\4.0.0\selenium-firefox-driver-4.0.0.jar;C:\Users\Om\.m2\repository\org\seleniumhq\selenium\selenium-firefox-xpi-driver\4.0.0\selenium-firefox-xpi-driver-4.0.0.jar;C:\Users\Om\.m2\repository\org\seleniumhq\selenium\selenium-ie-driver\4.0.0\selenium-ie-driver-4.0.0.jar;C:\Users\Om\.m2\repository\org\seleniumhq\selenium\selenium-opera-driver\4.0.0\selenium-opera-driver-4.0.0.jar;C:\Users\Om\.m2\repository\org\seleniumhq\selenium\selenium-remote-driver\4.0.0\selenium-remote-driver-4.0.0.jar;C:\Users\Om\.m2\repository\com\beust\jcommander\1.81\jcommander-1.81.jar;C:\Users\Om\.m2\repository\io\netty\netty-buffer\4.1.68.Final\netty-buffer-4.1.68.Final.jar;C:\Users\Om\.m2\repository\io\netty\netty-codec-http\4.1.67.Final\netty-codec-http-4.1.67.Final.jar;C:\Users\Om\.m2\repository\io\netty\netty-codec\4.1.67.Final\netty-codec-4.1.67.Final.jar;C:\Users\Om\.m2\repository\io\netty\netty-handler\4.1.67.Final\netty-handler-4.1.67.Final.jar;C:\Users\Om\.m2\repository\io\netty\netty-common\4.1.68.Final\netty-common-4.1.68.Final.jar;C:\Users\Om\.m2\repository\io\netty\netty-transport-native-epoll\4.1.67.Final\netty-transport-native-epoll-4.1.67.Final.jar;C:\Users\Om\.m2\repository\io\netty\netty-transport-native-kqueue\4.1.67.Final\netty-transport-native-kqueue-4.1.67.Final.jar;C:\Users\Om\.m2\repository\io\netty\netty-transport-native-unix-common\4.1.67.Final\netty-transport-native-unix-common-4.1.67.Final.jar;C:\Users\Om\.m2\repository\io\netty\netty-transport\4.1.68.Final\netty-transport-4.1.68.Final.jar;C:\Users\Om\.m2\repository\io\netty\netty-resolver\4.1.68.Final\netty-resolver-4.1.68.Final.jar;C:\Users\Om\.m2\repository\io\opentelemetry\opentelemetry-api\1.6.0\opentelemetry-api-1.6.0.jar;C:\Users\Om\.m2\repository\io\opentelemetry\opentelemetry-context\1.6.0\opentelemetry-context-1.6.0.jar;C:\Users\Om\.m2\repository\io\opentelemetry\opentelemetry-exporter-logging\1.6.0\opentelemetry-exporter-logging-1.6.0.jar;C:\Users\Om\.m2\repository\io\opentelemetry\opentelemetry-sdk-metrics\1.6.0-alpha\opentelemetry-sdk-metrics-1.6.0-alpha.jar;C:\Users\Om\.m2\repository\io\opentelemetry\opentelemetry-sdk-common\1.6.0\opentelemetry-sdk-common-1.6.0.jar;C:\Users\Om\.m2\repository\io\opentelemetry\opentelemetry-sdk-extension-autoconfigure-spi\1.6.0\opentelemetry-sdk-extension-autoconfigure-spi-1.6.0.jar;C:\Users\Om\.m2\repository\io\opentelemetry\opentelemetry-sdk-extension-autoconfigure\1.6.0-alpha\opentelemetry-sdk-extension-autoconfigure-1.6.0-alpha.jar;C:\Users\Om\.m2\repository\io\opentelemetry\opentelemetry-sdk-trace\1.6.0\opentelemetry-sdk-trace-1.6.0.jar;C:\Users\Om\.m2\repository\io\opentelemetry\opentelemetry-api-metrics\1.6.0-alpha\opentelemetry-api-metrics-1.6.0-alpha.jar;C:\Users\Om\.m2\repository\io\opentelemetry\opentelemetry-sdk\1.6.0\opentelemetry-sdk-1.6.0.jar;C:\Users\Om\.m2\repository\io\opentelemetry\opentelemetry-semconv\1.6.0-alpha\opentelemetry-semconv-1.6.0-alpha.jar;C:\Users\Om\.m2\repository\io\ous\jtoml\2.0.0\jtoml-2.0.0.jar;C:\Users\Om\.m2\repository\net\bytebuddy\byte-buddy\1.11.19\byte-buddy-1.11.19.jar;C:\Users\Om\.m2\repository\org\apache\commons\commons-exec\1.3\commons-exec-1.3.jar;C:\Users\Om\.m2\repository\org\asynchttpclient\async-http-client\2.12.3\async-http-client-2.12.3.jar;C:\Users\Om\.m2\repository\org\asynchttpclient\async-http-client-netty-utils\2.12.3\async-http-client-netty-utils-2.12.3.jar;C:\Users\Om\.m2\repository\io\netty\netty-codec-socks\4.1.60.Final\netty-codec-socks-4.1.60.Final.jar;C:\Users\Om\.m2\repository\io\netty\netty-handler-proxy\4.1.60.Final\netty-handler-proxy-4.1.60.Final.jar;C:\Users\Om\.m2\repository\io\netty\netty-transport-native-epoll\4.1.60.Final\netty-transport-native-epoll-4.1.60.Final-linux-x86_64.jar;C:\Users\Om\.m2\repository\io\netty\netty-transport-native-kqueue\4.1.60.Final\netty-transport-native-kqueue-4.1.60.Final-osx-x86_64.jar;C:\Users\Om\.m2\repository\org\reactivestreams\reactive-streams\1.0.3\reactive-streams-1.0.3.jar;C:\Users\Om\.m2\repository\com\typesafe\netty\netty-reactive-streams\2.0.4\netty-reactive-streams-2.0.4.jar;C:\Users\Om\.m2\repository\com\sun\activation\jakarta.activation\1.2.2\jakarta.activation-1.2.2.jar;C:\Users\Om\.m2\repository\org\seleniumhq\selenium\selenium-http\4.0.0\selenium-http-4.0.0.jar;C:\Users\Om\.m2\repository\org\seleniumhq\selenium\selenium-safari-driver\4.0.0\selenium-safari-driver-4.0.0.jar;C:\Users\Om\.m2\repository\org\seleniumhq\selenium\selenium-support\4.0.0\selenium-support-4.0.0.jar;C:\Users\Om\.m2\repository\io\github\bonigarcia\webdrivermanager\4.4.3\webdrivermanager-4.4.3.jar;C:\Users\Om\.m2\repository\org\slf4j\slf4j-api\1.7.30\slf4j-api-1.7.30.jar;C:\Users\Om\.m2\repository\commons-io\commons-io\2.8.0\commons-io-2.8.0.jar;C:\Users\Om\.m2\repository\com\google\code\gson\gson\2.8.6\gson-2.8.6.jar;C:\Users\Om\.m2\repository\org\apache\commons\commons-lang3\3.12.0\commons-lang3-3.12.0.jar;C:\Users\Om\.m2\repository\org\apache\httpcomponents\client5\httpclient5\5.0.3\httpclient5-5.0.3.jar;C:\Users\Om\.m2\repository\org\apache\httpcomponents\core5\httpcore5\5.0.2\httpcore5-5.0.2.jar;C:\Users\Om\.m2\repository\org\apache\httpcomponents\core5\httpcore5-h2\5.0.2\httpcore5-h2-5.0.2.jar;C:\Users\Om\.m2\repository\org\rauschig\jarchivelib\1.1.0\jarchivelib-1.1.0.jar;C:\Users\Om\.m2\repository\org\jsoup\jsoup\1.13.1\jsoup-1.13.1.jar;C:\Users\Om\.m2\repository\org\apache\poi\poi-ooxml\5.2.3\poi-ooxml-5.2.3.jar;C:\Users\Om\.m2\repository\org\apache\poi\poi-ooxml-lite\5.2.3\poi-ooxml-lite-5.2.3.jar;C:\Users\Om\.m2\repository\org\apache\xmlbeans\xmlbeans\5.1.1\xmlbeans-5.1.1.jar;C:\Users\Om\.m2\repository\org\apache\commons\commons-compress\1.21\commons-compress-1.21.jar;C:\Users\Om\.m2\repository\com\github\virtuald\curvesapi\1.07\curvesapi-1.07.jar;C:\Users\Om\.m2\repository\org\apache\logging\log4j\log4j-api\2.18.0\log4j-api-2.18.0.jar;C:\Users\Om\.m2\repository\org\apache\commons\commons-collections4\4.4\commons-collections4-4.4.jar;C:\Users\Om\.m2\repository\org\apache\poi\poi\5.2.3\poi-5.2.3.jar;C:\Users\Om\.m2\repository\commons-codec\commons-codec\1.15\commons-codec-1.15.jar;C:\Users\Om\.m2\repository\org\apache\commons\commons-math3\3.6.1\commons-math3-3.6.1.jar;C:\Users\Om\.m2\repository\com\zaxxer\SparseBitSet\1.2\SparseBitSet-1.2.jar;"/>
    <property name="sun.cpu.endian" value="little"/>
    <property name="user.home" value="C:\Users\Om"/>
    <property name="user.language" value="en"/>
    <property name="java.specification.vendor" value="Oracle Corporation"/>
    <property name="java.version.date" value="2021-10-19"/>
    <property name="java.home" value="C:\Users\Om\.p2\pool\plugins\org.eclipse.justj.openjdk.hotspot.jre.full.win32.x86_64_17.0.1.v20211116-1657\jre"/>
    <property name="file.separator" value="\"/>
    <property name="basedir" value="C:\Users\Om\eclipse-workspace\Retirement_Calculator"/>
    <property name="java.vm.compressedOopsMode" value="32-bit"/>
    <property name="line.separator" value="&#10;"/>
    <property name="java.vm.specification.vendor" value="Oracle Corporation"/>
    <property name="java.specification.name" value="Java Platform API Specification"/>
    <property name="surefire.real.class.path" value="C:\Users\Om\AppData\Local\Temp\surefire11669679226560403235\surefirebooter8085119235828785771.jar"/>
    <property name="user.script" value=""/>
    <property name="sun.management.compiler" value="HotSpot 64-Bit Tiered Compilers"/>
    <property name="java.runtime.version" value="17.0.1+12"/>
    <property name="user.name" value="Om"/>
    <property name="path.separator" value=";"/>
    <property name="os.version" value="6.1"/>
    <property name="java.runtime.name" value="OpenJDK Runtime Environment"/>
    <property name="file.encoding" value="Cp1252"/>
    <property name="java.vm.name" value="OpenJDK 64-Bit Server VM"/>
    <property name="java.vendor.version" value="Temurin-17.0.1+12"/>
    <property name="localRepository" value="C:\Users\Om\.m2\repository"/>
    <property name="java.vendor.url.bug" value="https://github.com/adoptium/adoptium-support/issues"/>
    <property name="java.io.tmpdir" value="C:\Users\Om\AppData\Local\Temp\"/>
    <property name="java.version" value="17.0.1"/>
    <property name="user.dir" value="C:\Users\Om\eclipse-workspace\Retirement_Calculator"/>
    <property name="os.arch" value="amd64"/>
    <property name="java.vm.specification.name" value="Java Virtual Machine Specification"/>
    <property name="sun.os.patch.level" value="Service Pack 1"/>
    <property name="native.encoding" value="Cp1252"/>
    <property name="java.library.path" value="C:\Users\Om\.p2\pool\plugins\org.eclipse.justj.openjdk.hotspot.jre.full.win32.x86_64_17.0.1.v20211116-1657\jre\bin;C:\Windows\Sun\Java\bin;C:\Windows\system32;C:\Windows;C:/Users/Om/.p2/pool/plugins/org.eclipse.justj.openjdk.hotspot.jre.full.win32.x86_64_17.0.1.v20211116-1657/jre/bin/server;C:/Users/Om/.p2/pool/plugins/org.eclipse.justj.openjdk.hotspot.jre.full.win32.x86_64_17.0.1.v20211116-1657/jre/bin;C:\ProgramData\Oracle\Java\javapath;C:\Windows\system32;C:\Windows;C:\Windows\System32\Wbem;C:\Windows\System32\WindowsPowerShell\v1.0\;C:\Program Files (x86)\Intel\UCRT\;C:\Program Files\Intel\UCRT\;C:\Program Files (x86)\Intel\Intel(R) Management Engine Components\DAL;C:\Program Files\Intel\Intel(R) Management Engine Components\DAL;C:\Program Files (x86)\Common Files\Oracle\Java\javapath;C:\ProgramData\Oracle\Java\javapath;C:\Windows\system32;C:\Windows;C:\Windows\System32\Wbem;C:\Windows\System32\WindowsPowerShell\v1.0\;C:\Program Files (x86)\Intel\UCRT\;C:\Program Files\Intel\UCRT\;C:\Program Files (x86)\Intel\Intel(R) Management Engine Components\DAL;C:\Program Files\Intel\Intel(R) Management Engine Components\DAL;C:\Users\Om\AppData\Local\Programs\Git\cmd;C:\Users\Om\Desktop;;."/>
    <property name="java.vm.info" value="mixed mode"/>
    <property name="java.vendor" value="Eclipse Adoptium"/>
    <property name="java.vm.version" value="17.0.1+12"/>
    <property name="sun.io.unicode.encoding" value="UnicodeLittle"/>
    <property name="java.class.version" value="61.0"/>
  </properties>
  <testcase name="User should be able to submit form with all required fields filled in" classname="Verify retirement calculator" time="90.971">
    <system-out><![CDATA[
@tc001 @regression
Scenario: User should be able to submit form with all required fields filled in # featureFiles/RetirementCalculator.feature:4
Browser getting started
  Given User is available on calulator screen                                   # stepDefinations.RetirementCalculatorStepDefination.user_is_available_on_calulator_screen()

    Embedding User should be able to submit form with all required fields filled in [image/png 351688 bytes]

  When User provide all input details                                           # stepDefinations.RetirementCalculatorStepDefination.user_provide_all_input_details()

    Embedding User should be able to submit form with all required fields filled in [image/png 60876 bytes]

  And social security benefit select as No                                      # stepDefinations.RetirementCalculatorStepDefination.social_security_benefit_select_as_no()

    Embedding User should be able to submit form with all required fields filled in [image/png 60876 bytes]

  And click calculate button                                                    # stepDefinations.RetirementCalculatorStepDefination.click_calculate_button()

    Embedding User should be able to submit form with all required fields filled in [image/png 59262 bytes]

In order to retire by 60, you might need to consider increasing your monthly savings by $0 a month.
  Then result message should be displayed                                       # stepDefinations.RetirementCalculatorStepDefination.result_message_should_be_displayed()

    Embedding User should be able to submit form with all required fields filled in [image/png 55519 bytes]

Browser closed
]]></system-out>
    <system-err><![CDATA[Jan 13, 2023 9:33:48 AM io.cucumber.junit.Cucumber <init>
WARNING: By default Cucumber is running in --non-strict mode.
This default will change to --strict and --non-strict will be removed.
You can use --strict or @CucumberOptions(strict = true) to suppress this warning
SLF4J: Failed to load class "org.slf4j.impl.StaticLoggerBinder".
SLF4J: Defaulting to no-operation (NOP) logger implementation
SLF4J: See http://www.slf4j.org/codes.html#StaticLoggerBinder for further details.
ERROR StatusLogger Log4j2 could not find a logging implementation. Please add log4j-core to the classpath. Using SimpleLogger to log to the console...
Starting ChromeDriver 109.0.5414.74 (e7c5703604daa9cc128ccf5a5d3e993513758913-refs/branch-heads/5414@{#1172}) on port 55583
Only local connections are allowed.
Please see https://chromedriver.chromium.org/security-considerations for suggestions on keeping ChromeDriver safe.
ChromeDriver was started successfully.
Jan 13, 2023 9:34:07 AM org.openqa.selenium.remote.ProtocolHandshake createSession
INFO: Detected dialect: W3C
Jan 13, 2023 9:34:07 AM org.openqa.selenium.devtools.CdpVersionFinder findNearestMatch
WARNING: Unable to find an exact match for CDP version 109, so returning the closest version found: a no-op implementation
Jan 13, 2023 9:34:07 AM org.openqa.selenium.devtools.CdpVersionFinder findNearestMatch
INFO: Unable to find CDP implementation matching 109.
Jan 13, 2023 9:34:07 AM org.openqa.selenium.chromium.ChromiumDriver lambda$new$3
WARNING: Unable to find version of CDP to use for . You may need to include a dependency on a specific version of the CDP using something similar to `org.seleniumhq.selenium:selenium-devtools-v86:4.0.0` where the version ("v86") matches the version of the chromium-based browser you're using and the version number of the artifact is the same as Selenium's.
[1673582694.022][SEVERE]: Timed out receiving message from renderer: 10.000
[1673582694.022][WARNING]: screenshot failed, retrying timeout: Timed out receiving message from renderer: 10.000
[1673582704.022][SEVERE]: Timed out receiving message from renderer: 10.000
]]></system-err>
  </testcase>
  <testcase name="Additional Social Security fields should display/hide based on Social Security benefits toggle" classname="Verify retirement calculator" time="42.218">
    <system-out><![CDATA[
@tc002 @regression
Scenario: Additional Social Security fields should display/hide based on Social Security benefits toggle # featureFiles/RetirementCalculator.feature:12
Browser getting started
  Given User is available on calulator screen                                                            # stepDefinations.RetirementCalculatorStepDefination.user_is_available_on_calulator_screen()

    Embedding Additional Social Security fields should display/hide based on Social Security benefits toggle [image/png 350174 bytes]

  When User provide all input details                                                                    # stepDefinations.RetirementCalculatorStepDefination.user_provide_all_input_details()

    Embedding Additional Social Security fields should display/hide based on Social Security benefits toggle [image/png 60884 bytes]

Radio button false
  And social security benefit select as Yes                                                              # stepDefinations.RetirementCalculatorStepDefination.social_security_benefit_select_as_yes()

    Embedding Additional Social Security fields should display/hide based on Social Security benefits toggle [image/png 55281 bytes]

  Then martial status section should be displayed                                                        # stepDefinations.RetirementCalculatorStepDefination.martial_status_section_should_be_displayed()

    Embedding Additional Social Security fields should display/hide based on Social Security benefits toggle [image/png 55281 bytes]

Radio button false
  And social security benefit select as No                                                               # stepDefinations.RetirementCalculatorStepDefination.social_security_benefit_select_as_no()

    Embedding Additional Social Security fields should display/hide based on Social Security benefits toggle [image/png 59875 bytes]

  Then martial status section should not be displayed                                                    # stepDefinations.RetirementCalculatorStepDefination.martial_status_section_should_not_be_displayed()

    Embedding Additional Social Security fields should display/hide based on Social Security benefits toggle [image/png 55185 bytes]

Browser closed
]]></system-out>
    <system-err><![CDATA[Starting ChromeDriver 109.0.5414.74 (e7c5703604daa9cc128ccf5a5d3e993513758913-refs/branch-heads/5414@{#1172}) on port 51163
Only local connections are allowed.
Please see https://chromedriver.chromium.org/security-considerations for suggestions on keeping ChromeDriver safe.
ChromeDriver was started successfully.
Jan 13, 2023 9:35:23 AM org.openqa.selenium.remote.ProtocolHandshake createSession
INFO: Detected dialect: W3C
Jan 13, 2023 9:35:23 AM org.openqa.selenium.devtools.CdpVersionFinder findNearestMatch
WARNING: Unable to find an exact match for CDP version 109, so returning the closest version found: a no-op implementation
Jan 13, 2023 9:35:23 AM org.openqa.selenium.devtools.CdpVersionFinder findNearestMatch
INFO: Unable to find CDP implementation matching 109.
Jan 13, 2023 9:35:23 AM org.openqa.selenium.chromium.ChromiumDriver lambda$new$3
WARNING: Unable to find version of CDP to use for . You may need to include a dependency on a specific version of the CDP using something similar to `org.seleniumhq.selenium:selenium-devtools-v86:4.0.0` where the version ("v86") matches the version of the chromium-based browser you're using and the version number of the artifact is the same as Selenium's.
]]></system-err>
  </testcase>
  <testcase name="User should be able to submit form with all fields filled in" classname="Verify retirement calculator" time="43.049">
    <system-out><![CDATA[
@tc003 @regression
Scenario: User should be able to submit form with all fields filled in # featureFiles/RetirementCalculator.feature:21
Browser getting started
  Given User is available on calulator screen                          # stepDefinations.RetirementCalculatorStepDefination.user_is_available_on_calulator_screen()

    Embedding User should be able to submit form with all fields filled in [image/png 351688 bytes]

  When User provide all input details                                  # stepDefinations.RetirementCalculatorStepDefination.user_provide_all_input_details()

    Embedding User should be able to submit form with all fields filled in [image/png 60884 bytes]

Radio button false
  And social security benefit select as Yes                            # stepDefinations.RetirementCalculatorStepDefination.social_security_benefit_select_as_yes()

    Embedding User should be able to submit form with all fields filled in [image/png 54350 bytes]

  Then martial status section should be displayed                      # stepDefinations.RetirementCalculatorStepDefination.martial_status_section_should_be_displayed()

    Embedding User should be able to submit form with all fields filled in [image/png 54350 bytes]

  And click calculate button                                           # stepDefinations.RetirementCalculatorStepDefination.click_calculate_button()

    Embedding User should be able to submit form with all fields filled in [image/png 51813 bytes]

Congratulations! You are exceeding your retirement goals. You are saving an extra $0 a month.
  Then result message should be displayed                              # stepDefinations.RetirementCalculatorStepDefination.result_message_should_be_displayed()

    Embedding User should be able to submit form with all fields filled in [image/png 54817 bytes]

Browser closed
]]></system-out>
    <system-err><![CDATA[Starting ChromeDriver 109.0.5414.74 (e7c5703604daa9cc128ccf5a5d3e993513758913-refs/branch-heads/5414@{#1172}) on port 60438
Only local connections are allowed.
Please see https://chromedriver.chromium.org/security-considerations for suggestions on keeping ChromeDriver safe.
ChromeDriver was started successfully.
Jan 13, 2023 9:36:05 AM org.openqa.selenium.remote.ProtocolHandshake createSession
INFO: Detected dialect: W3C
Jan 13, 2023 9:36:05 AM org.openqa.selenium.devtools.CdpVersionFinder findNearestMatch
WARNING: Unable to find an exact match for CDP version 109, so returning the closest version found: a no-op implementation
Jan 13, 2023 9:36:05 AM org.openqa.selenium.devtools.CdpVersionFinder findNearestMatch
INFO: Unable to find CDP implementation matching 109.
Jan 13, 2023 9:36:05 AM org.openqa.selenium.chromium.ChromiumDriver lambda$new$3
WARNING: Unable to find version of CDP to use for . You may need to include a dependency on a specific version of the CDP using something similar to `org.seleniumhq.selenium:selenium-devtools-v86:4.0.0` where the version ("v86") matches the version of the chromium-based browser you're using and the version number of the artifact is the same as Selenium's.
]]></system-err>
  </testcase>
  <testcase name="User should be able to update default calculator values" classname="Verify retirement calculator" time="53.062">
    <system-out><![CDATA[
@tc004 @regression
Scenario: User should be able to update default calculator values # featureFiles/RetirementCalculator.feature:30
Browser getting started
  Given User is available on calulator screen                     # stepDefinations.RetirementCalculatorStepDefination.user_is_available_on_calulator_screen()

    Embedding User should be able to update default calculator values [image/png 350174 bytes]

  When User provide all input details                             # stepDefinations.RetirementCalculatorStepDefination.user_provide_all_input_details()

    Embedding User should be able to update default calculator values [image/png 60884 bytes]

  And social security benefit select as No                        # stepDefinations.RetirementCalculatorStepDefination.social_security_benefit_select_as_no()

    Embedding User should be able to update default calculator values [image/png 60884 bytes]

  And click on Adjust default values link                         # stepDefinations.RetirementCalculatorStepDefination.click_on_adjust_default_values_link()

    Embedding User should be able to update default calculator values [image/png 100041 bytes]

Radio button false
  And user provide Default calculator values                      # stepDefinations.RetirementCalculatorStepDefination.user_provide_Default_calculator_values()

    Embedding User should be able to update default calculator values [image/png 92810 bytes]

  And click save changes button                                   # stepDefinations.RetirementCalculatorStepDefination.click_save_changes_button()

    Embedding User should be able to update default calculator values [image/png 128702 bytes]

  And click calculate button                                      # stepDefinations.RetirementCalculatorStepDefination.click_calculate_button()

    Embedding User should be able to update default calculator values [image/png 68235 bytes]

Congratulations! You are exceeding your retirement goals. You are saving an extra $0 a month.
  Then result message should be displayed                         # stepDefinations.RetirementCalculatorStepDefination.result_message_should_be_displayed()

    Embedding User should be able to update default calculator values [image/png 54817 bytes]

Browser closed
]]></system-out>
    <system-err><![CDATA[Starting ChromeDriver 109.0.5414.74 (e7c5703604daa9cc128ccf5a5d3e993513758913-refs/branch-heads/5414@{#1172}) on port 52926
Only local connections are allowed.
Please see https://chromedriver.chromium.org/security-considerations for suggestions on keeping ChromeDriver safe.
ChromeDriver was started successfully.
Jan 13, 2023 9:36:47 AM org.openqa.selenium.remote.ProtocolHandshake createSession
INFO: Detected dialect: W3C
Jan 13, 2023 9:36:47 AM org.openqa.selenium.devtools.CdpVersionFinder findNearestMatch
WARNING: Unable to find an exact match for CDP version 109, so returning the closest version found: a no-op implementation
Jan 13, 2023 9:36:47 AM org.openqa.selenium.devtools.CdpVersionFinder findNearestMatch
INFO: Unable to find CDP implementation matching 109.
Jan 13, 2023 9:36:47 AM org.openqa.selenium.chromium.ChromiumDriver lambda$new$3
WARNING: Unable to find version of CDP to use for . You may need to include a dependency on a specific version of the CDP using something similar to `org.seleniumhq.selenium:selenium-devtools-v86:4.0.0` where the version ("v86") matches the version of the chromium-based browser you're using and the version number of the artifact is the same as Selenium's.
]]></system-err>
  </testcase>
</testsuite>